info it worked if it ends with ok
verbose cli [ 'node',
verbose cli   '/Users/rollen_gomes/opt/node/bin/npm',
verbose cli   'install',
verbose cli   '--force' ]
info using npm@1.1.21
info using node@v0.6.18
verbose config file /Users/rollen_gomes/.npmrc
verbose config file /Users/rollen_gomes/opt/node/etc/npmrc
verbose config file /Users/rollen_gomes/opt/node/lib/node_modules/npm/npmrc
verbose caching /Users/rollen_gomes/newage/nerve/sampleapp/package.json
verbose loadDefaults sample@0.0.2
verbose readDependencies: using package.json deps
verbose where, deps [ '/Users/rollen_gomes/newage/nerve/sampleapp',
verbose where, deps   [ 'nervex', 'simplefactory', 'pg' ] ]
verbose from cache /Users/rollen_gomes/newage/nerve/sampleapp/package.json
info preinstall sample@0.0.2
verbose from cache /Users/rollen_gomes/newage/nerve/sampleapp/package.json
verbose readDependencies: using package.json deps
verbose cache add [ 'nervex@https://aveprod:thisismypassword123@github.com/rollen/nerve/tarball/master',
verbose cache add   null ]
silly cache add: name, spec, args [ undefined,
silly cache add: name, spec, args   'nervex@https://aveprod:thisismypassword123@github.com/rollen/nerve/tarball/master',
silly cache add: name, spec, args   [ 'nervex@https://aveprod:thisismypassword123@github.com/rollen/nerve/tarball/master',
silly cache add: name, spec, args     null ] ]
verbose parsed url { pathname: 'nervex@https://aveprod:thisismypassword123@github.com/rollen/nerve/tarball/master',
verbose parsed url   path: 'nervex@https://aveprod:thisismypassword123@github.com/rollen/nerve/tarball/master',
verbose parsed url   href: 'nervex@https://aveprod:thisismypassword123@github.com/rollen/nerve/tarball/master' }
silly cache add: name, spec, args [ 'nervex',
silly cache add: name, spec, args   'https://aveprod:thisismypassword123@github.com/rollen/nerve/tarball/master',
silly cache add: name, spec, args   [ 'nervex',
silly cache add: name, spec, args     'https://aveprod:thisismypassword123@github.com/rollen/nerve/tarball/master' ] ]
verbose parsed url { protocol: 'https:',
verbose parsed url   slashes: true,
verbose parsed url   auth: 'aveprod:thisismypassword123',
verbose parsed url   host: 'github.com',
verbose parsed url   hostname: 'github.com',
verbose parsed url   href: 'https://aveprod:thisismypassword123@github.com/rollen/nerve/tarball/master',
verbose parsed url   pathname: '/rollen/nerve/tarball/master',
verbose parsed url   path: '/rollen/nerve/tarball/master' }
verbose addRemoteTarball [ 'https://aveprod:thisismypassword123@github.com/rollen/nerve/tarball/master',
verbose addRemoteTarball   null ]
verbose fetch to /var/folders/zi/ziktyfyzF2KW1UWoA9jPXU+++TI/-Tmp-/npm-1338392335363/1338392335363-0.2614476017188281/tmp.tgz
verbose cache add [ 'simplefactory@https://aveprod:thisismypassword123@github.com/rollen/simplefactory/tarball/master',
verbose cache add   null ]
silly cache add: name, spec, args [ undefined,
silly cache add: name, spec, args   'simplefactory@https://aveprod:thisismypassword123@github.com/rollen/simplefactory/tarball/master',
silly cache add: name, spec, args   [ 'simplefactory@https://aveprod:thisismypassword123@github.com/rollen/simplefactory/tarball/master',
silly cache add: name, spec, args     null ] ]
verbose parsed url { pathname: 'simplefactory@https://aveprod:thisismypassword123@github.com/rollen/simplefactory/tarball/master',
verbose parsed url   path: 'simplefactory@https://aveprod:thisismypassword123@github.com/rollen/simplefactory/tarball/master',
verbose parsed url   href: 'simplefactory@https://aveprod:thisismypassword123@github.com/rollen/simplefactory/tarball/master' }
silly cache add: name, spec, args [ 'simplefactory',
silly cache add: name, spec, args   'https://aveprod:thisismypassword123@github.com/rollen/simplefactory/tarball/master',
silly cache add: name, spec, args   [ 'simplefactory',
silly cache add: name, spec, args     'https://aveprod:thisismypassword123@github.com/rollen/simplefactory/tarball/master' ] ]
verbose parsed url { protocol: 'https:',
verbose parsed url   slashes: true,
verbose parsed url   auth: 'aveprod:thisismypassword123',
verbose parsed url   host: 'github.com',
verbose parsed url   hostname: 'github.com',
verbose parsed url   href: 'https://aveprod:thisismypassword123@github.com/rollen/simplefactory/tarball/master',
verbose parsed url   pathname: '/rollen/simplefactory/tarball/master',
verbose parsed url   path: '/rollen/simplefactory/tarball/master' }
verbose addRemoteTarball [ 'https://aveprod:thisismypassword123@github.com/rollen/simplefactory/tarball/master',
verbose addRemoteTarball   null ]
verbose fetch to /var/folders/zi/ziktyfyzF2KW1UWoA9jPXU+++TI/-Tmp-/npm-1338392335363/1338392335364-0.41625204985029995/tmp.tgz
verbose cache add [ 'pg@latest', null ]
silly cache add: name, spec, args [ undefined, 'pg@latest', [ 'pg@latest', null ] ]
verbose parsed url { pathname: 'pg@latest', path: 'pg@latest', href: 'pg@latest' }
silly cache add: name, spec, args [ 'pg', 'latest', [ 'pg', 'latest' ] ]
verbose parsed url { pathname: 'latest', path: 'latest', href: 'latest' }
verbose addNamed [ 'pg', 'latest' ]
verbose addNamed [ null, null ]
info addNameTag [ 'pg', 'latest' ]
http GET https://aveprod:thisismypassword123@github.com/rollen/nerve/tarball/master
http GET https://aveprod:thisismypassword123@github.com/rollen/simplefactory/tarball/master
verbose raw, before any munging pg
verbose url resolving [ 'https://registry.npmjs.org/', './pg' ]
verbose url resolved https://registry.npmjs.org/pg
verbose etag "BWZER8C1F4M6LFA0Y4C3D1PVK"
http GET https://registry.npmjs.org/pg
http 304 https://registry.npmjs.org/pg
silly get cb [ 304,
silly get cb   { server: 'CouchDB/1.2.0 (Erlang OTP/R15B)',
silly get cb     etag: '"BWZER8C1F4M6LFA0Y4C3D1PVK"',
silly get cb     date: 'Wed, 30 May 2012 15:38:58 GMT',
silly get cb     'content-length': '0' } ]
verbose etag pg from cache
verbose bin dist [ '0.6-ares1.7.5-DEV-evundefined-openssl1.0.0e-v83.6.6.25-darwin-x64-10.8.0',
verbose bin dist   { shasum: 'ac8eefb771a7dc6160e88bf7f7ae1df6691b6ac6',
verbose bin dist     tarball: 'http://registry.npmjs.org/pg/-/pg-0.6.18.tgz' } ]
verbose addRemoteTarball [ 'https://registry.npmjs.org/pg/-/pg-0.6.18.tgz',
verbose addRemoteTarball   'ac8eefb771a7dc6160e88bf7f7ae1df6691b6ac6' ]
verbose fetch to /var/folders/zi/ziktyfyzF2KW1UWoA9jPXU+++TI/-Tmp-/npm-1338392335363/1338392338213-0.09199555846862495/tmp.tgz
http GET https://registry.npmjs.org/pg/-/pg-0.6.18.tgz
http 200 https://aveprod:thisismypassword123@github.com/rollen/nerve/tarball/master
http 200 https://registry.npmjs.org/pg/-/pg-0.6.18.tgz
http 200 https://aveprod:thisismypassword123@github.com/rollen/simplefactory/tarball/master
verbose unpack /var/folders/zi/ziktyfyzF2KW1UWoA9jPXU+++TI/-Tmp-/npm-1338392335363/1338392335364-0.41625204985029995/tmp.tgz
silly gunzTarPerm modes [ '755', '644' ]
silly extracting entry 
silly modified mode [ '', 509, 493 ]
silly extracting entry .gitignore
silly modified mode [ '.gitignore', 436, 420 ]
silly extracting entry factory/
silly modified mode [ 'factory/', 509, 493 ]
silly extracting entry factory/factory_service.js
silly modified mode [ 'factory/factory_service.js', 436, 420 ]
silly extracting entry lib/
silly modified mode [ 'lib/', 509, 493 ]
silly extracting entry lib/factory_service.js
silly modified mode [ 'lib/factory_service.js', 436, 420 ]
silly extracting entry package.json
silly modified mode [ 'package.json', 436, 420 ]
silly extracting entry simplefactory.js
silly modified mode [ 'simplefactory.js', 436, 420 ]
silly extracting entry spec/
silly modified mode [ 'spec/', 509, 493 ]
silly extracting entry spec/features/
silly modified mode [ 'spec/features/', 509, 493 ]
silly extracting entry spec/features/use_factory.spec.js
silly modified mode [ 'spec/features/use_factory.spec.js', 436, 420 ]
silly extracting entry spec/spec_helper.js
silly modified mode [ 'spec/spec_helper.js', 436, 420 ]
silly extracting entry spec/unit/
silly modified mode [ 'spec/unit/', 509, 493 ]
silly extracting entry spec/unit/factory_service.spec.js
silly modified mode [ 'spec/unit/factory_service.spec.js', 436, 420 ]
verbose caching /var/folders/zi/ziktyfyzF2KW1UWoA9jPXU+++TI/-Tmp-/npm-1338392335363/1338392335364-0.41625204985029995/package/package.json
verbose loadDefaults simplefactory@0.0.1
verbose from cache /var/folders/zi/ziktyfyzF2KW1UWoA9jPXU+++TI/-Tmp-/npm-1338392335363/1338392335364-0.41625204985029995/package/package.json
verbose tar.pack [ '/Users/rollen_gomes/.npm/simplefactory/0.0.1/package.tgz',
verbose tar.pack   '/var/folders/zi/ziktyfyzF2KW1UWoA9jPXU+++TI/-Tmp-/npm-1338392335363/1338392335364-0.41625204985029995/package' ]
verbose tarball /Users/rollen_gomes/.npm/simplefactory/0.0.1/package.tgz
verbose folder /var/folders/zi/ziktyfyzF2KW1UWoA9jPXU+++TI/-Tmp-/npm-1338392335363/1338392335364-0.41625204985029995/package
verbose unpack /Users/rollen_gomes/.npm/simplefactory/0.0.1/package.tgz
silly gunzTarPerm modes [ '755', '644' ]
silly extracting entry package.json
silly extracting entry .npmignore
silly extracting entry simplefactory.js
silly extracting entry factory/factory_service.js
silly extracting entry lib/factory_service.js
silly extracting entry spec/spec_helper.js
silly extracting entry spec/features/use_factory.spec.js
silly extracting entry spec/unit/factory_service.spec.js
verbose caching /Users/rollen_gomes/.npm/simplefactory/0.0.1/package/package.json
verbose loadDefaults simplefactory@0.0.1
silly updated sha bytes 1910
info shasum 3bcd9992d0222631e5bbbe3b1685b1a97ddbbda9
info shasum /Users/rollen_gomes/.npm/simplefactory/0.0.1/package.tgz
verbose from cache /Users/rollen_gomes/.npm/simplefactory/0.0.1/package/package.json
verbose chmod /Users/rollen_gomes/.npm/simplefactory/0.0.1/package.tgz 644
verbose chown [ '/Users/rollen_gomes/.npm/simplefactory/0.0.1/package.tgz',
verbose chown   501,
verbose chown   20 ]
silly updated sha bytes 40960
silly updated sha bytes 11159
info shasum ac8eefb771a7dc6160e88bf7f7ae1df6691b6ac6
info shasum /var/folders/zi/ziktyfyzF2KW1UWoA9jPXU+++TI/-Tmp-/npm-1338392335363/1338392338213-0.09199555846862495/tmp.tgz
verbose unpack /var/folders/zi/ziktyfyzF2KW1UWoA9jPXU+++TI/-Tmp-/npm-1338392335363/1338392338213-0.09199555846862495/tmp.tgz
silly gunzTarPerm modes [ '755', '644' ]
silly extracting entry package.json
silly extracting entry .npmignore
silly extracting entry README.md
silly extracting entry benchmark/js-versus-native-bench.js
silly extracting entry benchmark/large-datatset-bench.js
silly extracting entry benchmark/simple-query-bench.js
silly extracting entry lib/arrayParser.js
silly extracting entry lib/connection.js
silly extracting entry lib/defaults.js
silly extracting entry lib/index.js
silly extracting entry lib/client.js
silly extracting entry lib/query.js
silly extracting entry lib/result.js
silly extracting entry lib/textParsers.js
silly extracting entry lib/types.js
silly extracting entry lib/utils.js
silly extracting entry lib/binaryParsers.js
silly extracting entry lib/writer.js
silly extracting entry lib/native/index.js
silly extracting entry lib/native/query.js
silly extracting entry Makefile
silly extracting entry script/create-test-tables.js
silly extracting entry script/dump-db-types.js
silly extracting entry script/list-db-types.js
silly extracting entry script/test-connection.js
silly extracting entry src/binding.cc
silly extracting entry test/buffer-list.js
silly extracting entry test/cli.js
silly extracting entry test/test-buffers.js
silly extracting entry test/test-helper.js
silly extracting entry test/integration/test-helper.js
silly extracting entry test/integration/client/api-tests.js
silly extracting entry test/integration/client/drain-tests.js
silly extracting entry test/integration/client/empty-query-tests.js
silly extracting entry test/integration/client/error-handling-tests.js
silly extracting entry test/integration/client/configuration-tests.js
silly extracting entry test/integration/client/no-data-tests.js
silly extracting entry test/integration/client/notice-tests.js
silly extracting entry test/integration/client/prepared-statement-tests.js
silly extracting entry test/integration/client/result-metadata-tests.js
silly extracting entry test/integration/client/simple-query-tests.js
silly extracting entry test/integration/client/cancel-query-tests.js
silly extracting entry test/integration/client/test-helper.js
silly extracting entry test/integration/client/big-simple-query-tests.js
silly extracting entry test/integration/client/transaction-tests.js
silly extracting entry test/integration/client/array-tests.js
silly extracting entry test/integration/client/type-coercion-tests.js
silly extracting entry test/integration/client/huge-numeric-tests.js
silly extracting entry test/integration/connection/bound-command-tests.js
silly extracting entry test/integration/connection/notification-tests.js
silly extracting entry test/integration/connection/query-tests.js
silly extracting entry test/integration/connection/test-helper.js
silly extracting entry test/integration/connection-pool/double-connection-tests.js
silly extracting entry test/integration/connection-pool/ending-pool-tests.js
silly extracting entry test/integration/connection-pool/error-tests.js
silly extracting entry test/integration/connection-pool/idle-timeout-tests.js
silly extracting entry test/integration/connection-pool/max-connection-tests.js
silly extracting entry test/integration/connection-pool/optional-config-tests.js
silly extracting entry test/integration/connection-pool/single-connection-tests.js
silly extracting entry test/integration/connection-pool/test-helper.js
silly extracting entry test/integration/connection-pool/unique-name-tests.js
silly extracting entry test/integration/connection-pool/waiting-connection-tests.js
silly extracting entry test/native/callback-api-tests.js
silly extracting entry test/native/connection-tests.js
silly extracting entry test/native/error-tests.js
silly extracting entry test/native/evented-api-tests.js
silly extracting entry test/native/stress-tests.js
silly extracting entry test/unit/test-helper.js
silly extracting entry test/unit/utils-tests.js
silly extracting entry test/unit/writer-tests.js
silly extracting entry test/unit/client/cleartext-password-tests.js
silly extracting entry test/unit/client/connection-string-tests.js
silly extracting entry test/unit/client/md5-password-tests.js
silly extracting entry test/unit/client/notification-tests.js
silly extracting entry test/unit/client/prepared-statement-tests.js
silly extracting entry test/unit/client/configuration-tests.js
silly extracting entry test/unit/client/query-tests.js
silly extracting entry test/unit/client/result-metadata-tests.js
silly extracting entry test/unit/client/simple-query-tests.js
silly extracting entry test/unit/client/test-helper.js
silly extracting entry test/unit/client/typed-query-results-tests.js
silly extracting entry test/unit/client/query-queue-tests.js
silly extracting entry test/unit/connection/error-tests.js
silly extracting entry test/unit/connection/inbound-parser-tests.js
silly extracting entry test/unit/connection/outbound-sending-tests.js
silly extracting entry test/unit/connection/startup-tests.js
silly extracting entry test/unit/connection/test-helper.js
silly extracting entry wscript
verbose has wscript [ undefined,
verbose has wscript   { file: '/var/folders/zi/ziktyfyzF2KW1UWoA9jPXU+++TI/-Tmp-/npm-1338392335363/1338392338213-0.09199555846862495/package/package.json',
verbose has wscript     gypfile: false,
verbose has wscript     contributors: false,
verbose has wscript     serverjs: false,
verbose has wscript     wscript: true } ]
verbose caching /var/folders/zi/ziktyfyzF2KW1UWoA9jPXU+++TI/-Tmp-/npm-1338392335363/1338392338213-0.09199555846862495/package/package.json
verbose loadDefaults pg@0.6.18
verbose from cache /var/folders/zi/ziktyfyzF2KW1UWoA9jPXU+++TI/-Tmp-/npm-1338392335363/1338392338213-0.09199555846862495/package/package.json
verbose tar.pack [ '/Users/rollen_gomes/.npm/pg/0.6.18/package.tgz',
verbose tar.pack   '/var/folders/zi/ziktyfyzF2KW1UWoA9jPXU+++TI/-Tmp-/npm-1338392335363/1338392338213-0.09199555846862495/package' ]
verbose tarball /Users/rollen_gomes/.npm/pg/0.6.18/package.tgz
verbose folder /var/folders/zi/ziktyfyzF2KW1UWoA9jPXU+++TI/-Tmp-/npm-1338392335363/1338392338213-0.09199555846862495/package
verbose unpack /Users/rollen_gomes/.npm/pg/0.6.18/package.tgz
silly gunzTarPerm modes [ '755', '644' ]
silly extracting entry package.json
silly extracting entry .npmignore
silly extracting entry README.md
silly extracting entry benchmark/js-versus-native-bench.js
silly extracting entry benchmark/large-datatset-bench.js
silly extracting entry benchmark/simple-query-bench.js
silly extracting entry lib/arrayParser.js
silly extracting entry lib/connection.js
silly extracting entry lib/defaults.js
silly extracting entry lib/index.js
silly extracting entry lib/client.js
silly extracting entry lib/query.js
silly extracting entry lib/result.js
silly extracting entry lib/textParsers.js
silly extracting entry lib/types.js
silly extracting entry lib/utils.js
silly extracting entry lib/binaryParsers.js
silly extracting entry lib/writer.js
silly extracting entry lib/native/index.js
silly extracting entry lib/native/query.js
silly extracting entry Makefile
silly extracting entry script/create-test-tables.js
silly extracting entry script/dump-db-types.js
silly extracting entry script/list-db-types.js
silly extracting entry script/test-connection.js
silly extracting entry src/binding.cc
silly extracting entry test/buffer-list.js
silly extracting entry test/cli.js
silly extracting entry test/test-buffers.js
silly extracting entry test/test-helper.js
silly extracting entry test/integration/test-helper.js
silly extracting entry test/integration/client/api-tests.js
silly extracting entry test/integration/client/drain-tests.js
silly extracting entry test/integration/client/empty-query-tests.js
silly extracting entry test/integration/client/error-handling-tests.js
silly extracting entry test/integration/client/configuration-tests.js
silly extracting entry test/integration/client/no-data-tests.js
silly extracting entry test/integration/client/notice-tests.js
silly extracting entry test/integration/client/prepared-statement-tests.js
silly extracting entry test/integration/client/result-metadata-tests.js
silly extracting entry test/integration/client/simple-query-tests.js
silly extracting entry test/integration/client/cancel-query-tests.js
silly extracting entry test/integration/client/test-helper.js
silly extracting entry test/integration/client/big-simple-query-tests.js
silly extracting entry test/integration/client/transaction-tests.js
silly extracting entry test/integration/client/array-tests.js
silly extracting entry test/integration/client/type-coercion-tests.js
silly extracting entry test/integration/client/huge-numeric-tests.js
silly extracting entry test/integration/connection/bound-command-tests.js
silly extracting entry test/integration/connection/notification-tests.js
silly extracting entry test/integration/connection/query-tests.js
silly extracting entry test/integration/connection/test-helper.js
silly extracting entry test/integration/connection-pool/double-connection-tests.js
silly extracting entry test/integration/connection-pool/ending-pool-tests.js
silly extracting entry test/integration/connection-pool/error-tests.js
silly extracting entry test/integration/connection-pool/idle-timeout-tests.js
silly extracting entry test/integration/connection-pool/max-connection-tests.js
silly extracting entry test/integration/connection-pool/optional-config-tests.js
silly extracting entry test/integration/connection-pool/single-connection-tests.js
silly extracting entry test/integration/connection-pool/test-helper.js
silly extracting entry test/integration/connection-pool/unique-name-tests.js
silly extracting entry test/integration/connection-pool/waiting-connection-tests.js
silly extracting entry test/native/callback-api-tests.js
silly extracting entry test/native/connection-tests.js
silly extracting entry test/native/error-tests.js
silly extracting entry test/native/evented-api-tests.js
silly extracting entry test/native/stress-tests.js
silly extracting entry test/unit/test-helper.js
silly extracting entry test/unit/utils-tests.js
silly extracting entry test/unit/writer-tests.js
silly extracting entry test/unit/client/cleartext-password-tests.js
silly extracting entry test/unit/client/connection-string-tests.js
silly extracting entry test/unit/client/md5-password-tests.js
silly extracting entry test/unit/client/notification-tests.js
silly extracting entry test/unit/client/prepared-statement-tests.js
silly extracting entry test/unit/client/configuration-tests.js
silly extracting entry test/unit/client/query-tests.js
silly extracting entry test/unit/client/result-metadata-tests.js
silly extracting entry test/unit/client/simple-query-tests.js
silly extracting entry test/unit/client/test-helper.js
silly extracting entry test/unit/client/typed-query-results-tests.js
silly extracting entry test/unit/client/query-queue-tests.js
silly extracting entry test/unit/connection/error-tests.js
silly extracting entry test/unit/connection/inbound-parser-tests.js
silly extracting entry test/unit/connection/outbound-sending-tests.js
silly extracting entry test/unit/connection/startup-tests.js
silly extracting entry test/unit/connection/test-helper.js
silly extracting entry wscript
verbose has wscript [ undefined,
verbose has wscript   { file: '/Users/rollen_gomes/.npm/pg/0.6.18/package/package.json',
verbose has wscript     gypfile: false,
verbose has wscript     contributors: false,
verbose has wscript     serverjs: false,
verbose has wscript     wscript: true } ]
verbose caching /Users/rollen_gomes/.npm/pg/0.6.18/package/package.json
verbose loadDefaults pg@0.6.18
silly updated sha bytes 40960
silly updated sha bytes 11159
info shasum ac8eefb771a7dc6160e88bf7f7ae1df6691b6ac6
info shasum /Users/rollen_gomes/.npm/pg/0.6.18/package.tgz
verbose from cache /Users/rollen_gomes/.npm/pg/0.6.18/package/package.json
verbose chmod /Users/rollen_gomes/.npm/pg/0.6.18/package.tgz 644
verbose chown [ '/Users/rollen_gomes/.npm/pg/0.6.18/package.tgz', 501, 20 ]
verbose unpack /var/folders/zi/ziktyfyzF2KW1UWoA9jPXU+++TI/-Tmp-/npm-1338392335363/1338392335363-0.2614476017188281/tmp.tgz
silly gunzTarPerm modes [ '755', '644' ]
silly extracting entry 
silly modified mode [ '', 509, 493 ]
silly extracting entry .gitignore
silly modified mode [ '.gitignore', 436, 420 ]
silly extracting entry .gitmodules
silly modified mode [ '.gitmodules', 436, 420 ]
silly extracting entry .rvmrc
silly modified mode [ '.rvmrc', 436, 420 ]
silly extracting entry Procfile
silly modified mode [ 'Procfile', 436, 420 ]
silly extracting entry README
silly modified mode [ 'README', 436, 420 ]
silly extracting entry Rakefile
silly modified mode [ 'Rakefile', 436, 420 ]
silly extracting entry app.js
silly modified mode [ 'app.js', 436, 420 ]
silly extracting entry framework/
silly modified mode [ 'framework/', 509, 493 ]
silly extracting entry framework/.DS_Store
silly modified mode [ 'framework/.DS_Store', 436, 420 ]
silly extracting entry framework/application/
silly modified mode [ 'framework/application/', 509, 493 ]
silly extracting entry framework/application/application.js
silly modified mode [ 'framework/application/application.js', 436, 420 ]
silly extracting entry framework/application/controllers/
silly modified mode [ 'framework/application/controllers/', 509, 493 ]
silly extracting entry framework/application/controllers/assets_controller.js
silly modified mode [ 'framework/application/controllers/assets_controller.js',
silly modified mode   436,
silly modified mode   420 ]
silly extracting entry framework/application/controllers/errors_controller.js
silly modified mode [ 'framework/application/controllers/errors_controller.js',
silly modified mode   436,
silly modified mode   420 ]
silly extracting entry framework/application/controllers/tests_controller.js
silly modified mode [ 'framework/application/controllers/tests_controller.js',
silly modified mode   436,
silly modified mode   420 ]
silly extracting entry framework/application/http_route.js
silly modified mode [ 'framework/application/http_route.js', 436, 420 ]
silly extracting entry framework/application/index.js
silly modified mode [ 'framework/application/index.js', 436, 420 ]
silly extracting entry framework/application/router.js
silly modified mode [ 'framework/application/router.js', 436, 420 ]
silly extracting entry framework/application/services/
silly modified mode [ 'framework/application/services/', 509, 493 ]
silly extracting entry framework/application/services/params.js
silly modified mode [ 'framework/application/services/params.js', 436, 420 ]
silly extracting entry framework/application/utilities/
silly modified mode [ 'framework/application/utilities/', 509, 493 ]
silly extracting entry framework/application/utilities/configurables/
silly modified mode [ 'framework/application/utilities/configurables/', 509, 493 ]
silly extracting entry framework/application/utilities/configurables/folderpath.js
silly modified mode [ 'framework/application/utilities/configurables/folderpath.js',
silly modified mode   436,
silly modified mode   420 ]
silly extracting entry framework/application/utilities/http_response_writer.js
silly modified mode [ 'framework/application/utilities/http_response_writer.js',
silly modified mode   436,
silly modified mode   420 ]
silly extracting entry framework/application/utilities/http_url_params_extractor.js
silly modified mode [ 'framework/application/utilities/http_url_params_extractor.js',
silly modified mode   436,
silly modified mode   420 ]
silly extracting entry framework/application/utilities/matchers/
silly modified mode [ 'framework/application/utilities/matchers/', 509, 493 ]
silly extracting entry framework/application/utilities/matchers/regex_route_matcher.js
silly modified mode [ 'framework/application/utilities/matchers/regex_route_matcher.js',
silly modified mode   436,
silly modified mode   420 ]
silly extracting entry framework/application/utilities/matchers/standard_route_matcher.js
silly modified mode [ 'framework/application/utilities/matchers/standard_route_matcher.js',
silly modified mode   436,
silly modified mode   420 ]
silly extracting entry framework/application/utilities/newables/
silly modified mode [ 'framework/application/utilities/newables/', 509, 493 ]
silly extracting entry framework/application/utilities/newables/asset_url_info.js
silly modified mode [ 'framework/application/utilities/newables/asset_url_info.js',
silly modified mode   436,
silly modified mode   420 ]
silly extracting entry framework/application/utilities/newables/file_info.js
silly modified mode [ 'framework/application/utilities/newables/file_info.js',
silly modified mode   436,
silly modified mode   420 ]
silly extracting entry framework/application/views/
silly modified mode [ 'framework/application/views/', 509, 493 ]
silly extracting entry framework/application/views/.DS_Store
silly modified mode [ 'framework/application/views/.DS_Store', 436, 420 ]
silly extracting entry framework/application/views/angular.js
silly modified mode [ 'framework/application/views/angular.js', 436, 420 ]
silly extracting entry framework/application/views/assets/
silly modified mode [ 'framework/application/views/assets/', 509, 493 ]
silly extracting entry framework/application/views/assets/.DS_Store
silly modified mode [ 'framework/application/views/assets/.DS_Store', 436, 420 ]
silly extracting entry framework/application/views/assets/angular/
silly modified mode [ 'framework/application/views/assets/angular/', 509, 493 ]
silly extracting entry framework/application/views/assets/angular/angular-bootstrap-prettify.js
silly modified mode [ 'framework/application/views/assets/angular/angular-bootstrap-prettify.js',
silly modified mode   436,
silly modified mode   420 ]
silly extracting entry framework/application/views/assets/angular/angular-bootstrap-prettify.min.js
silly modified mode [ 'framework/application/views/assets/angular/angular-bootstrap-prettify.min.js',
silly modified mode   436,
silly modified mode   420 ]
silly extracting entry framework/application/views/assets/angular/angular-bootstrap.js
silly modified mode [ 'framework/application/views/assets/angular/angular-bootstrap.js',
silly modified mode   436,
silly modified mode   420 ]
silly extracting entry framework/application/views/assets/angular/angular-bootstrap.min.js
silly modified mode [ 'framework/application/views/assets/angular/angular-bootstrap.min.js',
silly modified mode   436,
silly modified mode   420 ]
silly extracting entry framework/application/views/assets/angular/angular-cookies.js
silly modified mode [ 'framework/application/views/assets/angular/angular-cookies.js',
silly modified mode   436,
silly modified mode   420 ]
silly extracting entry framework/application/views/assets/angular/angular-cookies.min.js
silly modified mode [ 'framework/application/views/assets/angular/angular-cookies.min.js',
silly modified mode   436,
silly modified mode   420 ]
silly extracting entry framework/application/views/assets/angular/angular-loader.js
silly modified mode [ 'framework/application/views/assets/angular/angular-loader.js',
silly modified mode   436,
silly modified mode   420 ]
silly extracting entry framework/application/views/assets/angular/angular-loader.min.js
silly modified mode [ 'framework/application/views/assets/angular/angular-loader.min.js',
silly modified mode   436,
silly modified mode   420 ]
silly extracting entry framework/application/views/assets/angular/angular-mocks.js
silly modified mode [ 'framework/application/views/assets/angular/angular-mocks.js',
silly modified mode   436,
silly modified mode   420 ]
silly extracting entry framework/application/views/assets/angular/angular-resource.js
silly modified mode [ 'framework/application/views/assets/angular/angular-resource.js',
silly modified mode   436,
silly modified mode   420 ]
silly extracting entry framework/application/views/assets/angular/angular-resource.min.js
silly modified mode [ 'framework/application/views/assets/angular/angular-resource.min.js',
silly modified mode   436,
silly modified mode   420 ]
silly extracting entry framework/application/views/assets/angular/angular-sanitize.js
silly modified mode [ 'framework/application/views/assets/angular/angular-sanitize.js',
silly modified mode   436,
silly modified mode   420 ]
silly extracting entry framework/application/views/assets/angular/angular-sanitize.min.js
silly modified mode [ 'framework/application/views/assets/angular/angular-sanitize.min.js',
silly modified mode   436,
silly modified mode   420 ]
silly extracting entry framework/application/views/assets/angular/angular-scenario.js
silly modified mode [ 'framework/application/views/assets/angular/angular-scenario.js',
silly modified mode   436,
silly modified mode   420 ]
silly extracting entry framework/application/views/assets/angular/angular.js
silly modified mode [ 'framework/application/views/assets/angular/angular.js',
silly modified mode   436,
silly modified mode   420 ]
silly extracting entry framework/application/views/assets/angular/angular.min.js
silly modified mode [ 'framework/application/views/assets/angular/angular.min.js',
silly modified mode   436,
silly modified mode   420 ]
silly extracting entry framework/application/views/assets/angular/jstd-scenario-adapter-config.js
silly modified mode [ 'framework/application/views/assets/angular/jstd-scenario-adapter-config.js',
silly modified mode   436,
silly modified mode   420 ]
silly extracting entry framework/application/views/assets/angular/jstd-scenario-adapter.js
silly modified mode [ 'framework/application/views/assets/angular/jstd-scenario-adapter.js',
silly modified mode   436,
silly modified mode   420 ]
silly extracting entry framework/application/views/assets/bootstrap/
silly modified mode [ 'framework/application/views/assets/bootstrap/', 509, 493 ]
silly extracting entry framework/application/views/assets/bootstrap/bootstrap-responsive.css
silly modified mode [ 'framework/application/views/assets/bootstrap/bootstrap-responsive.css',
silly modified mode   436,
silly modified mode   420 ]
silly extracting entry framework/application/views/assets/bootstrap/bootstrap-responsive.min.css
silly modified mode [ 'framework/application/views/assets/bootstrap/bootstrap-responsive.min.css',
silly modified mode   436,
silly modified mode   420 ]
silly extracting entry framework/application/views/assets/bootstrap/bootstrap.css
silly modified mode [ 'framework/application/views/assets/bootstrap/bootstrap.css',
silly modified mode   436,
silly modified mode   420 ]
silly extracting entry framework/application/views/assets/bootstrap/bootstrap.js
silly modified mode [ 'framework/application/views/assets/bootstrap/bootstrap.js',
silly modified mode   436,
silly modified mode   420 ]
silly extracting entry framework/application/views/assets/bootstrap/bootstrap.min.css
silly modified mode [ 'framework/application/views/assets/bootstrap/bootstrap.min.css',
silly modified mode   436,
silly modified mode   420 ]
silly extracting entry framework/application/views/assets/bootstrap/bootstrap.min.js
silly modified mode [ 'framework/application/views/assets/bootstrap/bootstrap.min.js',
silly modified mode   436,
silly modified mode   420 ]
silly extracting entry framework/application/views/assets/bootstrap/glyphicons-halflings-white.png
silly modified mode [ 'framework/application/views/assets/bootstrap/glyphicons-halflings-white.png',
silly modified mode   436,
silly modified mode   420 ]
silly extracting entry framework/application/views/assets/bootstrap/glyphicons-halflings.png
silly modified mode [ 'framework/application/views/assets/bootstrap/glyphicons-halflings.png',
silly modified mode   436,
silly modified mode   420 ]
silly extracting entry framework/application/views/assets/bootstrap/less.js
silly modified mode [ 'framework/application/views/assets/bootstrap/less.js',
silly modified mode   436,
silly modified mode   420 ]
silly extracting entry framework/application/views/tests/
silly modified mode [ 'framework/application/views/tests/', 509, 493 ]
silly extracting entry framework/application/views/tests/angular.js
silly modified mode [ 'framework/application/views/tests/angular.js', 436, 420 ]
silly extracting entry framework/application/views/tests/angular.js
silly extracting entry 
silly modified mode [ 'framework/application/views/tests/angular.js\n', 436, 420 ]
silly extracting entry framework/application/views/tests/runner.html
silly modified mode [ 'framework/application/views/tests/runner.html', 436, 420 ]
silly extracting entry framework/auto/
silly modified mode [ 'framework/auto/', 509, 493 ]
silly extracting entry framework/auto/index.js
silly modified mode [ 'framework/auto/index.js', 436, 420 ]
silly extracting entry framework/auto/injector.js
silly modified mode [ 'framework/auto/injector.js', 436, 420 ]
silly extracting entry framework/auto/module.js
silly modified mode [ 'framework/auto/module.js', 436, 420 ]
silly extracting entry framework/config/
silly modified mode [ 'framework/config/', 509, 493 ]
silly extracting entry framework/config/folderpath.js
silly modified mode [ 'framework/config/folderpath.js', 436, 420 ]
silly extracting entry framework/config/index.js
silly modified mode [ 'framework/config/index.js', 436, 420 ]
silly extracting entry framework/config/router.js
silly modified mode [ 'framework/config/router.js', 436, 420 ]
silly extracting entry framework/index.js
silly modified mode [ 'framework/index.js', 436, 420 ]
silly extracting entry framework/patches/
silly modified mode [ 'framework/patches/', 509, 493 ]
silly extracting entry framework/patches/index.js
silly modified mode [ 'framework/patches/index.js', 436, 420 ]
silly extracting entry framework/patches/params.js
silly modified mode [ 'framework/patches/params.js', 436, 420 ]
silly extracting entry framework/server/
silly modified mode [ 'framework/server/', 509, 493 ]
silly extracting entry framework/server/.DS_Store
silly modified mode [ 'framework/server/.DS_Store', 436, 420 ]
silly extracting entry framework/server/factories/
silly modified mode [ 'framework/server/factories/', 509, 493 ]
silly extracting entry framework/server/factories/request.js
silly modified mode [ 'framework/server/factories/request.js', 436, 420 ]
silly extracting entry framework/server/factories/response.js
silly modified mode [ 'framework/server/factories/response.js', 436, 420 ]
silly extracting entry framework/server/index.js
silly modified mode [ 'framework/server/index.js', 436, 420 ]
silly extracting entry framework/server/post_data.js
silly modified mode [ 'framework/server/post_data.js', 436, 420 ]
silly extracting entry framework/server/server.js
silly modified mode [ 'framework/server/server.js', 436, 420 ]
silly extracting entry head
silly modified mode [ 'head', 436, 420 ]
silly extracting entry lib/
silly modified mode [ 'lib/', 509, 493 ]
silly extracting entry lib/angular/
silly modified mode [ 'lib/angular/', 509, 493 ]
silly extracting entry nervecenter.js
silly modified mode [ 'nervecenter.js', 436, 420 ]
silly extracting entry package.json
silly modified mode [ 'package.json', 436, 420 ]
silly extracting entry tests/
silly modified mode [ 'tests/', 509, 493 ]
silly extracting entry tests/.DS_Store
silly modified mode [ 'tests/.DS_Store', 436, 420 ]
silly extracting entry tests/application/
silly modified mode [ 'tests/application/', 509, 493 ]
silly extracting entry tests/application/application.spec.js
silly modified mode [ 'tests/application/application.spec.js', 436, 420 ]
silly extracting entry tests/application/controllers/
silly modified mode [ 'tests/application/controllers/', 509, 493 ]
silly extracting entry tests/application/controllers/assets_controller.spec.js
silly modified mode [ 'tests/application/controllers/assets_controller.spec.js',
silly modified mode   436,
silly modified mode   420 ]
silly extracting entry tests/application/controllers/errors_controller.spec.js
silly modified mode [ 'tests/application/controllers/errors_controller.spec.js',
silly modified mode   436,
silly modified mode   420 ]
silly extracting entry tests/application/http_route.spec.js
silly modified mode [ 'tests/application/http_route.spec.js', 436, 420 ]
silly extracting entry tests/application/patches/
silly modified mode [ 'tests/application/patches/', 509, 493 ]
silly extracting entry tests/application/patches/params.spec.js
silly modified mode [ 'tests/application/patches/params.spec.js', 436, 420 ]
silly extracting entry tests/application/router.spec.js
silly modified mode [ 'tests/application/router.spec.js', 436, 420 ]
silly extracting entry tests/application/services/
silly modified mode [ 'tests/application/services/', 509, 493 ]
silly extracting entry tests/application/services/params.spec.js
silly modified mode [ 'tests/application/services/params.spec.js', 436, 420 ]
silly extracting entry tests/application/utilities/
silly modified mode [ 'tests/application/utilities/', 509, 493 ]
silly extracting entry tests/application/utilities/configurables/
silly modified mode [ 'tests/application/utilities/configurables/', 509, 493 ]
silly extracting entry tests/application/utilities/configurables/folderpath.spec.js
silly modified mode [ 'tests/application/utilities/configurables/folderpath.spec.js',
silly modified mode   436,
silly modified mode   420 ]
silly extracting entry tests/application/utilities/http_response_writer.spec.js
silly modified mode [ 'tests/application/utilities/http_response_writer.spec.js',
silly modified mode   436,
silly modified mode   420 ]
silly extracting entry tests/application/utilities/http_url_params_extractor.spec.js
silly modified mode [ 'tests/application/utilities/http_url_params_extractor.spec.js',
silly modified mode   436,
silly modified mode   420 ]
silly extracting entry tests/application/utilities/matchers/
silly modified mode [ 'tests/application/utilities/matchers/', 509, 493 ]
silly extracting entry tests/application/utilities/matchers/regex_route_matcher_spec.js
silly modified mode [ 'tests/application/utilities/matchers/regex_route_matcher_spec.js',
silly modified mode   436,
silly modified mode   420 ]
silly extracting entry tests/application/utilities/matchers/standard_route_matcher_spec.js
silly modified mode [ 'tests/application/utilities/matchers/standard_route_matcher_spec.js',
silly modified mode   436,
silly modified mode   420 ]
silly extracting entry tests/application/utilities/newables/
silly modified mode [ 'tests/application/utilities/newables/', 509, 493 ]
silly extracting entry tests/application/utilities/newables/asset_url_info.spec.js
silly modified mode [ 'tests/application/utilities/newables/asset_url_info.spec.js',
silly modified mode   436,
silly modified mode   420 ]
silly extracting entry tests/application/utilities/newables/file_info.spec.js
silly modified mode [ 'tests/application/utilities/newables/file_info.spec.js',
silly modified mode   436,
silly modified mode   420 ]
silly extracting entry tests/auto/
silly modified mode [ 'tests/auto/', 509, 493 ]
silly extracting entry tests/auto/injector.spec.js
silly modified mode [ 'tests/auto/injector.spec.js', 436, 420 ]
silly extracting entry tests/auto/module.spec.js
silly modified mode [ 'tests/auto/module.spec.js', 436, 420 ]
silly extracting entry tests/features/
silly modified mode [ 'tests/features/', 509, 493 ]
silly extracting entry tests/features/.DS_Store
silly modified mode [ 'tests/features/.DS_Store', 436, 420 ]
silly extracting entry tests/features/accessing_assets.spec.js
silly modified mode [ 'tests/features/accessing_assets.spec.js', 436, 420 ]
silly extracting entry tests/features/missing_page.spec.js
silly modified mode [ 'tests/features/missing_page.spec.js', 436, 420 ]
silly extracting entry tests/features/post.spec.js
silly modified mode [ 'tests/features/post.spec.js', 436, 420 ]
silly extracting entry tests/fixtures/
silly modified mode [ 'tests/fixtures/', 509, 493 ]
silly extracting entry tests/fixtures/fixtures.js
silly modified mode [ 'tests/fixtures/fixtures.js', 436, 420 ]
silly extracting entry tests/fixtures/html/
silly modified mode [ 'tests/fixtures/html/', 509, 493 ]
silly extracting entry tests/fixtures/html/runner.html
silly modified mode [ 'tests/fixtures/html/runner.html', 436, 420 ]
silly extracting entry tests/fixtures/html/sample.html
silly modified mode [ 'tests/fixtures/html/sample.html', 436, 420 ]
silly extracting entry tests/fixtures/javascript/
silly modified mode [ 'tests/fixtures/javascript/', 509, 493 ]
silly extracting entry tests/fixtures/javascript/angular-scenario.js
silly modified mode [ 'tests/fixtures/javascript/angular-scenario.js', 436, 420 ]
silly extracting entry tests/fixtures/javascript/angular.js
silly modified mode [ 'tests/fixtures/javascript/angular.js', 436, 420 ]
silly extracting entry tests/lib/
silly modified mode [ 'tests/lib/', 509, 493 ]
silly extracting entry tests/lib/browser.js
silly modified mode [ 'tests/lib/browser.js', 436, 420 ]
silly extracting entry tests/server/
silly modified mode [ 'tests/server/', 509, 493 ]
silly extracting entry tests/server/post_data_spec.js
silly modified mode [ 'tests/server/post_data_spec.js', 436, 420 ]
silly extracting entry tests/server/request.spec.js
silly modified mode [ 'tests/server/request.spec.js', 436, 420 ]
silly extracting entry tests/server/response.spec.js
silly modified mode [ 'tests/server/response.spec.js', 436, 420 ]
silly extracting entry tests/server/server.spec.js
silly modified mode [ 'tests/server/server.spec.js', 436, 420 ]
silly extracting entry tests/spec_helper.js
silly modified mode [ 'tests/spec_helper.js', 436, 420 ]
silly extracting entry tests/stubs/
silly modified mode [ 'tests/stubs/', 509, 493 ]
silly extracting entry tests/stubs/controller.js
silly modified mode [ 'tests/stubs/controller.js', 436, 420 ]
silly extracting entry tests/stubs/controller_factory.js
silly modified mode [ 'tests/stubs/controller_factory.js', 436, 420 ]
silly extracting entry tests/stubs/factories/
silly modified mode [ 'tests/stubs/factories/', 509, 493 ]
silly extracting entry tests/stubs/factories/response_factory.js
silly modified mode [ 'tests/stubs/factories/response_factory.js', 436, 420 ]
silly extracting entry tests/stubs/index.js
silly modified mode [ 'tests/stubs/index.js', 436, 420 ]
silly extracting entry tests/stubs/request.js
silly modified mode [ 'tests/stubs/request.js', 436, 420 ]
silly extracting entry tests/stubs/response.js
silly modified mode [ 'tests/stubs/response.js', 436, 420 ]
silly extracting entry tests/stubs/services/
silly modified mode [ 'tests/stubs/services/', 509, 493 ]
silly extracting entry tests/stubs/services/sync_fs.js
silly modified mode [ 'tests/stubs/services/sync_fs.js', 436, 420 ]
verbose caching /var/folders/zi/ziktyfyzF2KW1UWoA9jPXU+++TI/-Tmp-/npm-1338392335363/1338392335363-0.2614476017188281/package/package.json
verbose loadDefaults nervex@0.0.1
verbose from cache /var/folders/zi/ziktyfyzF2KW1UWoA9jPXU+++TI/-Tmp-/npm-1338392335363/1338392335363-0.2614476017188281/package/package.json
verbose tar.pack [ '/Users/rollen_gomes/.npm/nervex/0.0.1/package.tgz',
verbose tar.pack   '/var/folders/zi/ziktyfyzF2KW1UWoA9jPXU+++TI/-Tmp-/npm-1338392335363/1338392335363-0.2614476017188281/package' ]
verbose tarball /Users/rollen_gomes/.npm/nervex/0.0.1/package.tgz
verbose folder /var/folders/zi/ziktyfyzF2KW1UWoA9jPXU+++TI/-Tmp-/npm-1338392335363/1338392335363-0.2614476017188281/package
verbose unpack /Users/rollen_gomes/.npm/nervex/0.0.1/package.tgz
silly gunzTarPerm modes [ '755', '644' ]
silly extracting entry package.json
silly extracting entry .npmignore
silly extracting entry README
silly extracting entry app.js
silly extracting entry nervecenter.js
silly extracting entry head
silly extracting entry .gitmodules
silly extracting entry .rvmrc
silly extracting entry tests/spec_helper.js
silly extracting entry tests/application/application.spec.js
silly extracting entry tests/application/http_route.spec.js
silly extracting entry tests/application/router.spec.js
silly extracting entry tests/application/controllers/assets_controller.spec.js
silly extracting entry tests/application/controllers/errors_controller.spec.js
silly extracting entry tests/application/patches/params.spec.js
silly extracting entry tests/application/services/params.spec.js
silly extracting entry tests/application/utilities/http_response_writer.spec.js
silly extracting entry tests/application/utilities/http_url_params_extractor.spec.js
silly extracting entry tests/application/utilities/configurables/folderpath.spec.js
silly extracting entry tests/application/utilities/matchers/regex_route_matcher_spec.js
silly extracting entry tests/application/utilities/matchers/standard_route_matcher_spec.js
silly extracting entry tests/application/utilities/newables/asset_url_info.spec.js
silly extracting entry tests/application/utilities/newables/file_info.spec.js
silly extracting entry tests/auto/injector.spec.js
silly extracting entry tests/auto/module.spec.js
silly extracting entry tests/features/accessing_assets.spec.js
silly extracting entry tests/features/missing_page.spec.js
silly extracting entry tests/features/post.spec.js
silly extracting entry tests/fixtures/fixtures.js
silly extracting entry tests/fixtures/html/runner.html
silly extracting entry tests/fixtures/html/sample.html
silly extracting entry tests/fixtures/javascript/angular-scenario.js
silly extracting entry tests/fixtures/javascript/angular.js
silly extracting entry tests/lib/browser.js
silly extracting entry tests/server/post_data_spec.js
silly extracting entry tests/server/request.spec.js
silly extracting entry tests/server/response.spec.js
silly extracting entry tests/server/server.spec.js
silly extracting entry tests/stubs/controller.js
silly extracting entry tests/stubs/controller_factory.js
silly extracting entry tests/stubs/index.js
silly extracting entry tests/stubs/request.js
silly extracting entry tests/stubs/response.js
silly extracting entry tests/stubs/factories/response_factory.js
silly extracting entry tests/stubs/services/sync_fs.js
silly extracting entry Procfile
silly extracting entry Rakefile
silly extracting entry framework/index.js
silly extracting entry framework/application/application.js
silly extracting entry framework/application/http_route.js
silly extracting entry framework/application/index.js
silly extracting entry framework/application/router.js
silly extracting entry framework/application/controllers/assets_controller.js
silly extracting entry framework/application/controllers/errors_controller.js
silly extracting entry framework/application/controllers/tests_controller.js
silly extracting entry framework/application/services/params.js
silly extracting entry framework/application/utilities/http_response_writer.js
silly extracting entry framework/application/utilities/http_url_params_extractor.js
silly extracting entry framework/application/utilities/configurables/folderpath.js
silly extracting entry framework/application/utilities/matchers/regex_route_matcher.js
silly extracting entry framework/application/utilities/matchers/standard_route_matcher.js
silly extracting entry framework/application/utilities/newables/asset_url_info.js
silly extracting entry framework/application/utilities/newables/file_info.js
silly extracting entry framework/application/views/angular.js
silly extracting entry framework/application/views/assets/angular/angular-bootstrap-prettify.js
silly extracting entry framework/application/views/assets/angular/angular-cookies.min.js
silly extracting entry framework/application/views/assets/angular/angular-loader.js
silly extracting entry framework/application/views/assets/angular/angular-loader.min.js
silly extracting entry framework/application/views/assets/angular/angular-mocks.js
silly extracting entry framework/application/views/assets/angular/angular-cookies.js
silly extracting entry framework/application/views/assets/angular/angular-resource.min.js
silly extracting entry framework/application/views/assets/angular/angular-sanitize.js
silly extracting entry framework/application/views/assets/angular/angular-sanitize.min.js
silly extracting entry framework/application/views/assets/angular/angular-scenario.js
silly extracting entry framework/application/views/assets/angular/angular.js
silly extracting entry framework/application/views/assets/angular/angular-bootstrap.min.js
silly extracting entry framework/application/views/assets/angular/angular.min.js
silly extracting entry framework/application/views/assets/angular/angular-bootstrap.js
silly extracting entry framework/application/views/assets/angular/jstd-scenario-adapter-config.js
silly extracting entry framework/application/views/assets/angular/angular-bootstrap-prettify.min.js
silly extracting entry framework/application/views/assets/angular/jstd-scenario-adapter.js
silly extracting entry framework/application/views/assets/angular/angular-resource.js
silly extracting entry framework/application/views/assets/bootstrap/bootstrap.js
silly extracting entry framework/application/views/assets/bootstrap/bootstrap.min.js
silly extracting entry framework/application/views/assets/bootstrap/less.js
silly extracting entry framework/application/views/assets/bootstrap/bootstrap-responsive.css
silly extracting entry framework/application/views/assets/bootstrap/bootstrap-responsive.min.css
silly extracting entry framework/application/views/assets/bootstrap/bootstrap.css
silly extracting entry framework/application/views/assets/bootstrap/bootstrap.min.css
silly extracting entry framework/application/views/assets/bootstrap/glyphicons-halflings-white.png
silly extracting entry framework/application/views/assets/bootstrap/glyphicons-halflings.png
silly extracting entry framework/application/views/tests/angular.js
silly extracting entry framework/application/views/tests/angular.js
silly extracting entry 
silly extracting entry framework/application/views/tests/runner.html
silly extracting entry framework/auto/index.js
silly extracting entry framework/auto/injector.js
silly extracting entry framework/auto/module.js
silly extracting entry framework/config/folderpath.js
silly extracting entry framework/config/index.js
silly extracting entry framework/config/router.js
silly extracting entry framework/patches/index.js
silly extracting entry framework/patches/params.js
silly extracting entry framework/server/index.js
silly extracting entry framework/server/post_data.js
silly extracting entry framework/server/server.js
silly extracting entry framework/server/factories/request.js
silly extracting entry framework/server/factories/response.js
verbose caching /Users/rollen_gomes/.npm/nervex/0.0.1/package/package.json
verbose loadDefaults nervex@0.0.1
silly updated sha bytes 40960
silly updated sha bytes 40960
silly updated sha bytes 40960
silly updated sha bytes 40960
silly updated sha bytes 40960
silly updated sha bytes 40960
silly updated sha bytes 40960
silly updated sha bytes 40960
silly updated sha bytes 40960
silly updated sha bytes 40960
silly updated sha bytes 40960
silly updated sha bytes 40960
silly updated sha bytes 40960
silly updated sha bytes 40960
silly updated sha bytes 40960
silly updated sha bytes 40960
silly updated sha bytes 40960
silly updated sha bytes 40960
silly updated sha bytes 40960
silly updated sha bytes 40960
silly updated sha bytes 40960
silly updated sha bytes 13503
info shasum ede41c5928ebb4d8603ef73bfd763b1aebba6818
info shasum /Users/rollen_gomes/.npm/nervex/0.0.1/package.tgz
verbose from cache /Users/rollen_gomes/.npm/nervex/0.0.1/package/package.json
verbose chmod /Users/rollen_gomes/.npm/nervex/0.0.1/package.tgz 644
verbose chown [ '/Users/rollen_gomes/.npm/nervex/0.0.1/package.tgz', 501, 20 ]
silly resolved [ { name: 'simplefactory',
silly resolved     version: '0.0.1',
silly resolved     main: 'simplefactory',
silly resolved     private: true,
silly resolved     devDependencies: { 'jasmine-node': '*', cucumber: '*' },
silly resolved     _id: 'simplefactory@0.0.1',
silly resolved     dependencies: {},
silly resolved     optionalDependencies: {},
silly resolved     engines: { node: '*' },
silly resolved     _engineSupported: true,
silly resolved     _npmVersion: '1.1.21',
silly resolved     _nodeVersion: 'v0.6.18',
silly resolved     _defaultsLoaded: true,
silly resolved     dist: { shasum: '3bcd9992d0222631e5bbbe3b1685b1a97ddbbda9' },
silly resolved     _from: 'simplefactory@https://aveprod:thisismypassword123@github.com/rollen/simplefactory/tarball/master' },
silly resolved   { name: 'pg',
silly resolved     version: '0.6.18',
silly resolved     description: 'PostgreSQL client - pure javascript & libpq with the same API',
silly resolved     keywords: [ 'postgres', 'pg', 'libpq', 'postgre', 'database', 'rdbms' ],
silly resolved     homepage: 'http://github.com/brianc/node-postgres',
silly resolved     repository: 
silly resolved      { type: 'git',
silly resolved        url: 'git://github.com/brianc/node-postgres.git' },
silly resolved     author: { name: 'Brian Carlson', email: 'brian.m.carlson@gmail.com' },
silly resolved     main: './lib',
silly resolved     dependencies: { 'generic-pool': '1.0.9' },
silly resolved     scripts: 
silly resolved      { test: 'make test',
silly resolved        install: 'node-waf configure build || (exit 0)' },
silly resolved     engines: { node: '>= 0.4.0' },
silly resolved     _id: 'pg@0.6.18',
silly resolved     devDependencies: {},
silly resolved     optionalDependencies: {},
silly resolved     _engineSupported: true,
silly resolved     _npmVersion: '1.1.21',
silly resolved     _nodeVersion: 'v0.6.18',
silly resolved     _defaultsLoaded: true,
silly resolved     dist: { shasum: 'ac8eefb771a7dc6160e88bf7f7ae1df6691b6ac6' },
silly resolved     _from: 'pg@latest' },
silly resolved   { name: 'nervex',
silly resolved     version: '0.0.1',
silly resolved     main: 'nervecenter',
silly resolved     engines: { npm: '1.1.9', node: '0.6.x' },
silly resolved     private: true,
silly resolved     devDependencies: { 'jasmine-node': '*' },
silly resolved     _id: 'nervex@0.0.1',
silly resolved     dependencies: {},
silly resolved     optionalDependencies: {},
silly resolved     _engineSupported: false,
silly resolved     _npmVersion: '1.1.21',
silly resolved     _nodeVersion: 'v0.6.18',
silly resolved     _defaultsLoaded: true,
silly resolved     dist: { shasum: 'ede41c5928ebb4d8603ef73bfd763b1aebba6818' },
silly resolved     _from: 'nervex@https://aveprod:thisismypassword123@github.com/rollen/nerve/tarball/master' } ]
info into /Users/rollen_gomes/newage/nerve/sampleapp simplefactory@0.0.1
info into /Users/rollen_gomes/newage/nerve/sampleapp pg@0.6.18
info into /Users/rollen_gomes/newage/nerve/sampleapp nervex@0.0.1
info installOne simplefactory@0.0.1
info installOne pg@0.6.18
info installOne nervex@0.0.1
ERR! Unsupported
ERR! Not compatible with your version of node/npm: nervex@0.0.1
ERR! Required: {"npm":"1.1.9","node":"0.6.x"}
ERR! Actual:   {"npm":"1.1.21","node":"0.6.18"}
ERR! 
ERR! System Darwin 10.8.0
ERR! command "node" "/Users/rollen_gomes/opt/node/bin/npm" "install" "--force"
ERR! cwd /Users/rollen_gomes/newage/nerve/sampleapp
ERR! node -v v0.6.18
ERR! npm -v 1.1.21
ERR! code ENOTSUP
ERR! message Unsupported
ERR! errno {}
verbose exit [ 1, true ]
